<?xml version="1.0" encoding="UTF-8"?>
<!-- Generated by org.testng.reporters.JUnitXMLReporter -->
<testsuite ignored="0" hostname="Shubhams-MacBook-Pro-5.local" failures="0" tests="4" name="Test" time="35.853" errors="0" timestamp="2024-04-13T15:58:53 IST">
  <testcase classname="common.tests.ScoreAppTests" name="verify001AppOnboarding" time="22.218"/>
  <testcase classname="common.tests.ScoreAppTests" name="verify002OpeningLeaguePage" time="2.565"/>
  <testcase classname="common.tests.ScoreAppTests" name="verify003OpeningLeagueSubTab" time="3.163"/>
  <testcase classname="common.tests.ScoreAppTests" name="verifyNavigatingBackFromLeagueSubTab" time="1.337"/>
</testsuite> <!-- Test -->
