<?xml version="1.0" encoding="UTF-8"?>
<testsuite xmlns:xsi="http://www.w3.org/2001/XMLSchema-instance" xsi:noNamespaceSchemaLocation="https://maven.apache.org/surefire/maven-surefire-plugin/xsd/surefire-test-report-3.0.xsd" version="3.0" name="TestSuite" time="36.033" tests="4" errors="0" skipped="0" failures="0">
  <properties>
[...]
</properties>
  <testcase name="verify001AppOnboarding" classname="common.tests.ScoreAppTests" time="22.216">
    <system-err><![CDATA[Apr 13, 2024 3:58:23 PM io.appium.java_client.remote.AppiumCommandExecutor$1 lambda$0
INFO: Detected dialect: W3C
]]></system-err>
  </testcase>
  <testcase name="verify002OpeningLeaguePage" classname="common.tests.ScoreAppTests" time="2.566"/>
  <testcase name="verify003OpeningLeagueSubTab" classname="common.tests.ScoreAppTests" time="3.168"/>
  <testcase name="verifyNavigatingBackFromLeagueSubTab" classname="common.tests.ScoreAppTests" time="1.34"/>
</testsuite>