<?xml version="1.0" encoding="UTF-8"?>
<testng-results ignored="0" total="4" passed="4" failed="0" skipped="0">
  <reporter-output>
  </reporter-output>
  <suite started-at="2024-04-13T15:58:17 IST" name="Suite" finished-at="2024-04-13T15:58:53 IST" duration-ms="35853">
    <groups>
    </groups>
    <test started-at="2024-04-13T15:58:17 IST" name="Test" finished-at="2024-04-13T15:58:53 IST" duration-ms="35853">
      <class name="common.tests.ScoreAppTests">
        <test-method is-config="true" signature="setup()[pri:0, instance:common.tests.ScoreAppTests@3315d2d7]" started-at="2024-04-13T15:58:17 IST" name="setup" finished-at="2024-04-13T15:58:23 IST" duration-ms="5805" status="PASS">
          <reporter-output>
          </reporter-output>
        </test-method> <!-- setup -->
        <test-method is-config="true" signature="beforeMethod(java.lang.reflect.Method)[pri:0, instance:common.tests.ScoreAppTests@3315d2d7]" started-at="2024-04-13T15:58:23 IST" name="beforeMethod" finished-at="2024-04-13T15:58:23 IST" duration-ms="6" status="PASS">
          <params>
            <param index="0">
              <value>
                <![CDATA[public void common.tests.ScoreAppTests.verify001AppOnboarding()]]>
              </value>
            </param>
          </params>
          <reporter-output>
          </reporter-output>
        </test-method> <!-- beforeMethod -->
        <test-method signature="verify001AppOnboarding()[pri:0, instance:common.tests.ScoreAppTests@3315d2d7]" started-at="2024-04-13T15:58:23 IST" name="verify001AppOnboarding" finished-at="2024-04-13T15:58:45 IST" duration-ms="22218" status="PASS">
          <reporter-output>
          </reporter-output>
        </test-method> <!-- verify001AppOnboarding -->
        <test-method is-config="true" signature="afterMethod(org.testng.ITestResult)[pri:0, instance:common.tests.ScoreAppTests@3315d2d7]" started-at="2024-04-13T15:58:45 IST" name="afterMethod" finished-at="2024-04-13T15:58:45 IST" duration-ms="1" status="PASS">
          <params>
            <param index="0">
              <value>
                <![CDATA[[TestResult name=verify001AppOnboarding status=SUCCESS method=ScoreAppTests.verify001AppOnboarding()[pri:0, instance:common.tests.ScoreAppTests@3315d2d7] output={null}]]]>
              </value>
            </param>
          </params>
          <reporter-output>
          </reporter-output>
        </test-method> <!-- afterMethod -->
        <test-method is-config="true" signature="beforeMethod(java.lang.reflect.Method)[pri:0, instance:common.tests.ScoreAppTests@3315d2d7]" started-at="2024-04-13T15:58:45 IST" name="beforeMethod" finished-at="2024-04-13T15:58:45 IST" duration-ms="0" status="PASS">
          <params>
            <param index="0">
              <value>
                <![CDATA[public void common.tests.ScoreAppTests.verify002OpeningLeaguePage()]]>
              </value>
            </param>
          </params>
          <reporter-output>
          </reporter-output>
        </test-method> <!-- beforeMethod -->
        <test-method signature="verify002OpeningLeaguePage()[pri:0, instance:common.tests.ScoreAppTests@3315d2d7]" started-at="2024-04-13T15:58:45 IST" name="verify002OpeningLeaguePage" finished-at="2024-04-13T15:58:47 IST" duration-ms="2565" status="PASS">
          <reporter-output>
          </reporter-output>
        </test-method> <!-- verify002OpeningLeaguePage -->
        <test-method is-config="true" signature="afterMethod(org.testng.ITestResult)[pri:0, instance:common.tests.ScoreAppTests@3315d2d7]" started-at="2024-04-13T15:58:47 IST" name="afterMethod" finished-at="2024-04-13T15:58:47 IST" duration-ms="0" status="PASS">
          <params>
            <param index="0">
              <value>
                <![CDATA[[TestResult name=verify002OpeningLeaguePage status=SUCCESS method=ScoreAppTests.verify002OpeningLeaguePage()[pri:0, instance:common.tests.ScoreAppTests@3315d2d7] output={null}]]]>
              </value>
            </param>
          </params>
          <reporter-output>
          </reporter-output>
        </test-method> <!-- afterMethod -->
        <test-method is-config="true" signature="beforeMethod(java.lang.reflect.Method)[pri:0, instance:common.tests.ScoreAppTests@3315d2d7]" started-at="2024-04-13T15:58:47 IST" name="beforeMethod" finished-at="2024-04-13T15:58:47 IST" duration-ms="0" status="PASS">
          <params>
            <param index="0">
              <value>
                <![CDATA[public void common.tests.ScoreAppTests.verify003OpeningLeagueSubTab()]]>
              </value>
            </param>
          </params>
          <reporter-output>
          </reporter-output>
        </test-method> <!-- beforeMethod -->
        <test-method signature="verify003OpeningLeagueSubTab()[pri:0, instance:common.tests.ScoreAppTests@3315d2d7]" started-at="2024-04-13T15:58:47 IST" name="verify003OpeningLeagueSubTab" finished-at="2024-04-13T15:58:51 IST" duration-ms="3163" status="PASS">
          <reporter-output>
          </reporter-output>
        </test-method> <!-- verify003OpeningLeagueSubTab -->
        <test-method is-config="true" signature="afterMethod(org.testng.ITestResult)[pri:0, instance:common.tests.ScoreAppTests@3315d2d7]" started-at="2024-04-13T15:58:51 IST" name="afterMethod" finished-at="2024-04-13T15:58:51 IST" duration-ms="2" status="PASS">
          <params>
            <param index="0">
              <value>
                <![CDATA[[TestResult name=verify003OpeningLeagueSubTab status=SUCCESS method=ScoreAppTests.verify003OpeningLeagueSubTab()[pri:0, instance:common.tests.ScoreAppTests@3315d2d7] output={null}]]]>
              </value>
            </param>
          </params>
          <reporter-output>
          </reporter-output>
        </test-method> <!-- afterMethod -->
        <test-method is-config="true" signature="beforeMethod(java.lang.reflect.Method)[pri:0, instance:common.tests.ScoreAppTests@3315d2d7]" started-at="2024-04-13T15:58:51 IST" name="beforeMethod" finished-at="2024-04-13T15:58:51 IST" duration-ms="1" status="PASS">
          <params>
            <param index="0">
              <value>
                <![CDATA[public void common.tests.ScoreAppTests.verifyNavigatingBackFromLeagueSubTab()]]>
              </value>
            </param>
          </params>
          <reporter-output>
          </reporter-output>
        </test-method> <!-- beforeMethod -->
        <test-method signature="verifyNavigatingBackFromLeagueSubTab()[pri:0, instance:common.tests.ScoreAppTests@3315d2d7]" started-at="2024-04-13T15:58:51 IST" name="verifyNavigatingBackFromLeagueSubTab" finished-at="2024-04-13T15:58:52 IST" duration-ms="1337" status="PASS">
          <reporter-output>
          </reporter-output>
        </test-method> <!-- verifyNavigatingBackFromLeagueSubTab -->
        <test-method is-config="true" signature="afterMethod(org.testng.ITestResult)[pri:0, instance:common.tests.ScoreAppTests@3315d2d7]" started-at="2024-04-13T15:58:52 IST" name="afterMethod" finished-at="2024-04-13T15:58:52 IST" duration-ms="2" status="PASS">
          <params>
            <param index="0">
              <value>
                <![CDATA[[TestResult name=verifyNavigatingBackFromLeagueSubTab status=SUCCESS method=ScoreAppTests.verifyNavigatingBackFromLeagueSubTab()[pri:0, instance:common.tests.ScoreAppTests@3315d2d7] output={null}]]]>
              </value>
            </param>
          </params>
          <reporter-output>
          </reporter-output>
        </test-method> <!-- afterMethod -->
        <test-method is-config="true" signature="teardown()[pri:0, instance:common.tests.ScoreAppTests@3315d2d7]" started-at="2024-04-13T15:58:52 IST" name="teardown" finished-at="2024-04-13T15:58:53 IST" duration-ms="735" status="PASS">
          <reporter-output>
          </reporter-output>
        </test-method> <!-- teardown -->
      </class> <!-- common.tests.ScoreAppTests -->
    </test> <!-- Test -->
  </suite> <!-- Suite -->
</testng-results>
